Connecting to database specified by database.yml


Started GET "/assets/rails.png" for 127.0.0.1 at 2013-06-15 15:43:05 +0530
Served asset /rails.png - 200 OK (5ms)
Connecting to database specified by database.yml


Started GET "/say/hello" for 127.0.0.1 at 2013-06-15 15:49:15 +0530
Processing by SayController#hello as HTML
  Rendered say/hello.html.erb within layouts/application (4.6ms)
Compiled say.css  (40ms)  (pid 6274)
Compiled application.css  (48ms)  (pid 6274)
Compiled jquery.js  (2ms)  (pid 6274)
Compiled jquery_ujs.js  (0ms)  (pid 6274)
Compiled say.js  (451ms)  (pid 6274)
Compiled application.js  (500ms)  (pid 6274)
Completed 200 OK in 633ms (Views: 632.1ms | ActiveRecord: 0.0ms)


Started GET "/assets/application.css?body=1" for 127.0.0.1 at 2013-06-15 15:49:16 +0530
Served asset /application.css - 200 OK (6ms)


Started GET "/assets/say.js?body=1" for 127.0.0.1 at 2013-06-15 15:49:16 +0530
Served asset /say.js - 200 OK (4ms)


Started GET "/assets/say.css?body=1" for 127.0.0.1 at 2013-06-15 15:49:16 +0530
Served asset /say.css - 200 OK (2ms)


Started GET "/assets/jquery.js?body=1" for 127.0.0.1 at 2013-06-15 15:49:16 +0530
Served asset /jquery.js - 200 OK (25ms)


Started GET "/assets/application.js?body=1" for 127.0.0.1 at 2013-06-15 15:49:16 +0530
Served asset /application.js - 200 OK (7ms)


Started GET "/assets/jquery_ujs.js?body=1" for 127.0.0.1 at 2013-06-15 15:49:16 +0530
Served asset /jquery_ujs.js - 200 OK (2ms)


Started GET "/say/goodbye" for 127.0.0.1 at 2013-06-15 15:49:39 +0530
Processing by SayController#goodbye as HTML
  Rendered say/goodbye.html.erb within layouts/application (0.5ms)
Completed 200 OK in 13ms (Views: 12.3ms | ActiveRecord: 0.0ms)


Started GET "/assets/application.css?body=1" for 127.0.0.1 at 2013-06-15 15:49:39 +0530
Served asset /application.css - 304 Not Modified (0ms)


Started GET "/assets/jquery.js?body=1" for 127.0.0.1 at 2013-06-15 15:49:39 +0530
Served asset /jquery.js - 304 Not Modified (7ms)


Started GET "/assets/application.js?body=1" for 127.0.0.1 at 2013-06-15 15:49:39 +0530
Served asset /application.js - 304 Not Modified (1ms)


Started GET "/assets/say.css?body=1" for 127.0.0.1 at 2013-06-15 15:49:39 +0530
Served asset /say.css - 304 Not Modified (0ms)


Started GET "/assets/say.js?body=1" for 127.0.0.1 at 2013-06-15 15:49:39 +0530
Served asset /say.js - 304 Not Modified (0ms)


Started GET "/assets/jquery_ujs.js?body=1" for 127.0.0.1 at 2013-06-15 15:49:39 +0530
Served asset /jquery_ujs.js - 304 Not Modified (0ms)


Started GET "/say/hello" for 127.0.0.1 at 2013-06-15 15:54:44 +0530
Processing by SayController#hello as HTML
  Rendered say/hello.html.erb within layouts/application (0.5ms)
Completed 200 OK in 12ms (Views: 11.7ms | ActiveRecord: 0.0ms)


Started GET "/assets/application.css?body=1" for 127.0.0.1 at 2013-06-15 15:54:44 +0530
Served asset /application.css - 304 Not Modified (0ms)


Started GET "/assets/jquery.js?body=1" for 127.0.0.1 at 2013-06-15 15:54:44 +0530
Served asset /jquery.js - 304 Not Modified (10ms)


Started GET "/assets/jquery_ujs.js?body=1" for 127.0.0.1 at 2013-06-15 15:54:44 +0530
Served asset /jquery_ujs.js - 304 Not Modified (0ms)


Started GET "/assets/say.css?body=1" for 127.0.0.1 at 2013-06-15 15:54:44 +0530
Served asset /say.css - 304 Not Modified (0ms)


Started GET "/assets/say.js?body=1" for 127.0.0.1 at 2013-06-15 15:54:44 +0530
Served asset /say.js - 304 Not Modified (0ms)


Started GET "/assets/application.js?body=1" for 127.0.0.1 at 2013-06-15 15:54:44 +0530
Served asset /application.js - 304 Not Modified (1ms)


Started GET "/say/hello" for 127.0.0.1 at 2013-06-15 15:57:10 +0530
Processing by SayController#hello as HTML
  Rendered say/hello.html.erb within layouts/application (1.1ms)
Completed 200 OK in 15ms (Views: 15.1ms | ActiveRecord: 0.0ms)


Started GET "/assets/application.css?body=1" for 127.0.0.1 at 2013-06-15 15:57:10 +0530
Served asset /application.css - 304 Not Modified (0ms)


Started GET "/assets/say.css?body=1" for 127.0.0.1 at 2013-06-15 15:57:10 +0530
Served asset /say.css - 304 Not Modified (0ms)


Started GET "/assets/jquery.js?body=1" for 127.0.0.1 at 2013-06-15 15:57:10 +0530
Served asset /jquery.js - 304 Not Modified (1ms)


Started GET "/assets/say.js?body=1" for 127.0.0.1 at 2013-06-15 15:57:10 +0530
Served asset /say.js - 304 Not Modified (0ms)


Started GET "/assets/jquery_ujs.js?body=1" for 127.0.0.1 at 2013-06-15 15:57:10 +0530
Served asset /jquery_ujs.js - 304 Not Modified (0ms)


Started GET "/assets/application.js?body=1" for 127.0.0.1 at 2013-06-15 15:57:10 +0530
Served asset /application.js - 304 Not Modified (10ms)


Started GET "/say/hello" for 127.0.0.1 at 2013-06-15 15:57:13 +0530
Processing by SayController#hello as HTML
  Rendered say/hello.html.erb within layouts/application (0.1ms)
Completed 200 OK in 13ms (Views: 12.5ms | ActiveRecord: 0.0ms)


Started GET "/assets/application.css?body=1" for 127.0.0.1 at 2013-06-15 15:57:13 +0530
Served asset /application.css - 304 Not Modified (0ms)


Started GET "/assets/say.js?body=1" for 127.0.0.1 at 2013-06-15 15:57:13 +0530
Served asset /say.js - 304 Not Modified (0ms)


Started GET "/assets/jquery_ujs.js?body=1" for 127.0.0.1 at 2013-06-15 15:57:13 +0530
Served asset /jquery_ujs.js - 304 Not Modified (0ms)


Started GET "/assets/jquery.js?body=1" for 127.0.0.1 at 2013-06-15 15:57:13 +0530
Served asset /jquery.js - 304 Not Modified (1ms)


Started GET "/assets/say.css?body=1" for 127.0.0.1 at 2013-06-15 15:57:13 +0530
Served asset /say.css - 304 Not Modified (0ms)


Started GET "/assets/application.js?body=1" for 127.0.0.1 at 2013-06-15 15:57:13 +0530
Served asset /application.js - 304 Not Modified (1ms)


Started GET "/say/hello" for 127.0.0.1 at 2013-06-15 15:57:14 +0530
Processing by SayController#hello as HTML
  Rendered say/hello.html.erb within layouts/application (0.1ms)
Completed 200 OK in 12ms (Views: 12.1ms | ActiveRecord: 0.0ms)


Started GET "/assets/application.css?body=1" for 127.0.0.1 at 2013-06-15 15:57:14 +0530
Served asset /application.css - 304 Not Modified (0ms)


Started GET "/assets/say.css?body=1" for 127.0.0.1 at 2013-06-15 15:57:14 +0530
Served asset /say.css - 304 Not Modified (0ms)


Started GET "/assets/jquery.js?body=1" for 127.0.0.1 at 2013-06-15 15:57:14 +0530
Served asset /jquery.js - 304 Not Modified (1ms)


Started GET "/assets/jquery_ujs.js?body=1" for 127.0.0.1 at 2013-06-15 15:57:14 +0530
Served asset /jquery_ujs.js - 304 Not Modified (0ms)


Started GET "/assets/say.js?body=1" for 127.0.0.1 at 2013-06-15 15:57:14 +0530
Served asset /say.js - 304 Not Modified (0ms)


Started GET "/assets/application.js?body=1" for 127.0.0.1 at 2013-06-15 15:57:14 +0530
Served asset /application.js - 304 Not Modified (1ms)


Started GET "/say/hello" for 127.0.0.1 at 2013-06-15 15:57:14 +0530
Processing by SayController#hello as HTML
  Rendered say/hello.html.erb within layouts/application (0.2ms)
Completed 200 OK in 14ms (Views: 14.1ms | ActiveRecord: 0.0ms)


Started GET "/assets/application.css?body=1" for 127.0.0.1 at 2013-06-15 15:57:14 +0530
Served asset /application.css - 304 Not Modified (0ms)


Started GET "/assets/jquery.js?body=1" for 127.0.0.1 at 2013-06-15 15:57:14 +0530
Served asset /jquery.js - 304 Not Modified (1ms)


Started GET "/assets/say.css?body=1" for 127.0.0.1 at 2013-06-15 15:57:14 +0530
Served asset /say.css - 304 Not Modified (0ms)


Started GET "/assets/jquery_ujs.js?body=1" for 127.0.0.1 at 2013-06-15 15:57:14 +0530
Served asset /jquery_ujs.js - 304 Not Modified (0ms)


Started GET "/assets/say.js?body=1" for 127.0.0.1 at 2013-06-15 15:57:14 +0530
Served asset /say.js - 304 Not Modified (0ms)


Started GET "/assets/application.js?body=1" for 127.0.0.1 at 2013-06-15 15:57:14 +0530
Served asset /application.js - 304 Not Modified (1ms)


Started GET "/say/hello" for 127.0.0.1 at 2013-06-15 15:57:15 +0530
Processing by SayController#hello as HTML
  Rendered say/hello.html.erb within layouts/application (0.1ms)
Completed 200 OK in 11ms (Views: 11.2ms | ActiveRecord: 0.0ms)


Started GET "/assets/application.css?body=1" for 127.0.0.1 at 2013-06-15 15:57:15 +0530
Served asset /application.css - 304 Not Modified (0ms)


Started GET "/say/hello" for 127.0.0.1 at 2013-06-15 15:57:15 +0530
Processing by SayController#hello as HTML
  Rendered say/hello.html.erb within layouts/application (0.1ms)
Completed 200 OK in 11ms (Views: 10.9ms | ActiveRecord: 0.0ms)


Started GET "/assets/application.css?body=1" for 127.0.0.1 at 2013-06-15 15:57:15 +0530
Served asset /application.css - 304 Not Modified (0ms)


Started GET "/assets/say.css?body=1" for 127.0.0.1 at 2013-06-15 15:57:15 +0530
Served asset /say.css - 304 Not Modified (1ms)


Started GET "/assets/jquery_ujs.js?body=1" for 127.0.0.1 at 2013-06-15 15:57:15 +0530
Served asset /jquery_ujs.js - 304 Not Modified (0ms)


Started GET "/assets/say.js?body=1" for 127.0.0.1 at 2013-06-15 15:57:15 +0530
Served asset /say.js - 304 Not Modified (0ms)


Started GET "/assets/application.js?body=1" for 127.0.0.1 at 2013-06-15 15:57:15 +0530
Served asset /application.js - 304 Not Modified (1ms)


Started GET "/assets/jquery.js?body=1" for 127.0.0.1 at 2013-06-15 15:57:15 +0530
Served asset /jquery.js - 304 Not Modified (1ms)


Started GET "/say/hello" for 127.0.0.1 at 2013-06-15 15:57:16 +0530
Processing by SayController#hello as HTML
  Rendered say/hello.html.erb within layouts/application (0.2ms)
Completed 200 OK in 14ms (Views: 13.5ms | ActiveRecord: 0.0ms)


Started GET "/assets/application.css?body=1" for 127.0.0.1 at 2013-06-15 15:57:16 +0530
Served asset /application.css - 304 Not Modified (0ms)


Started GET "/assets/say.js?body=1" for 127.0.0.1 at 2013-06-15 15:57:16 +0530
Served asset /say.js - 304 Not Modified (3ms)


Started GET "/assets/jquery_ujs.js?body=1" for 127.0.0.1 at 2013-06-15 15:57:16 +0530
Served asset /jquery_ujs.js - 304 Not Modified (0ms)


Started GET "/assets/jquery.js?body=1" for 127.0.0.1 at 2013-06-15 15:57:16 +0530
Served asset /jquery.js - 304 Not Modified (1ms)


Started GET "/assets/say.css?body=1" for 127.0.0.1 at 2013-06-15 15:57:16 +0530
Served asset /say.css - 304 Not Modified (0ms)


Started GET "/assets/application.js?body=1" for 127.0.0.1 at 2013-06-15 15:57:16 +0530
Served asset /application.js - 304 Not Modified (1ms)


Started GET "/say/hello" for 127.0.0.1 at 2013-06-15 15:57:16 +0530
Processing by SayController#hello as HTML
  Rendered say/hello.html.erb within layouts/application (0.1ms)
Completed 200 OK in 15ms (Views: 14.8ms | ActiveRecord: 0.0ms)


Started GET "/assets/application.css?body=1" for 127.0.0.1 at 2013-06-15 15:57:16 +0530
Served asset /application.css - 304 Not Modified (0ms)


Started GET "/assets/say.css?body=1" for 127.0.0.1 at 2013-06-15 15:57:16 +0530
Served asset /say.css - 304 Not Modified (1ms)


Started GET "/assets/say.js?body=1" for 127.0.0.1 at 2013-06-15 15:57:16 +0530
Served asset /say.js - 304 Not Modified (0ms)


Started GET "/assets/jquery.js?body=1" for 127.0.0.1 at 2013-06-15 15:57:16 +0530
Served asset /jquery.js - 304 Not Modified (1ms)


Started GET "/assets/jquery_ujs.js?body=1" for 127.0.0.1 at 2013-06-15 15:57:16 +0530
Served asset /jquery_ujs.js - 304 Not Modified (1ms)


Started GET "/assets/application.js?body=1" for 127.0.0.1 at 2013-06-15 15:57:16 +0530
Served asset /application.js - 304 Not Modified (1ms)


Started GET "/say/hello" for 127.0.0.1 at 2013-06-15 15:57:17 +0530
Processing by SayController#hello as HTML
  Rendered say/hello.html.erb within layouts/application (0.1ms)
Completed 200 OK in 13ms (Views: 12.7ms | ActiveRecord: 0.0ms)


Started GET "/say/hello" for 127.0.0.1 at 2013-06-15 15:57:17 +0530
Processing by SayController#hello as HTML
  Rendered say/hello.html.erb within layouts/application (0.1ms)
Completed 200 OK in 13ms (Views: 12.3ms | ActiveRecord: 0.0ms)


Started GET "/assets/application.css?body=1" for 127.0.0.1 at 2013-06-15 15:57:17 +0530
Served asset /application.css - 304 Not Modified (0ms)


Started GET "/assets/jquery.js?body=1" for 127.0.0.1 at 2013-06-15 15:57:17 +0530
Served asset /jquery.js - 304 Not Modified (6ms)


Started GET "/assets/say.css?body=1" for 127.0.0.1 at 2013-06-15 15:57:17 +0530
Served asset /say.css - 304 Not Modified (0ms)


Started GET "/assets/application.js?body=1" for 127.0.0.1 at 2013-06-15 15:57:17 +0530
Served asset /application.js - 304 Not Modified (1ms)


Started GET "/assets/jquery_ujs.js?body=1" for 127.0.0.1 at 2013-06-15 15:57:17 +0530
Served asset /jquery_ujs.js - 304 Not Modified (0ms)


Started GET "/assets/say.js?body=1" for 127.0.0.1 at 2013-06-15 15:57:17 +0530
Served asset /say.js - 304 Not Modified (0ms)


Started GET "/say/hello" for 127.0.0.1 at 2013-06-15 15:59:42 +0530
Processing by SayController#hello as HTML
  Rendered say/hello.html.erb within layouts/application (0.6ms)
Completed 200 OK in 12ms (Views: 11.8ms | ActiveRecord: 0.0ms)


Started GET "/assets/application.css?body=1" for 127.0.0.1 at 2013-06-15 15:59:42 +0530
Served asset /application.css - 304 Not Modified (4ms)


Started GET "/assets/jquery_ujs.js?body=1" for 127.0.0.1 at 2013-06-15 15:59:42 +0530
Served asset /jquery_ujs.js - 304 Not Modified (0ms)


Started GET "/assets/say.js?body=1" for 127.0.0.1 at 2013-06-15 15:59:42 +0530
Served asset /say.js - 304 Not Modified (0ms)


Started GET "/assets/application.js?body=1" for 127.0.0.1 at 2013-06-15 15:59:42 +0530
Served asset /application.js - 304 Not Modified (1ms)


Started GET "/assets/jquery.js?body=1" for 127.0.0.1 at 2013-06-15 15:59:42 +0530
Served asset /jquery.js - 304 Not Modified (1ms)


Started GET "/assets/say.css?body=1" for 127.0.0.1 at 2013-06-15 15:59:42 +0530
Served asset /say.css - 304 Not Modified (0ms)


Started GET "/say/hello" for 127.0.0.1 at 2013-06-15 15:59:43 +0530
Processing by SayController#hello as HTML
  Rendered say/hello.html.erb within layouts/application (0.2ms)
Completed 200 OK in 13ms (Views: 12.8ms | ActiveRecord: 0.0ms)


Started GET "/assets/application.css?body=1" for 127.0.0.1 at 2013-06-15 15:59:43 +0530
Served asset /application.css - 304 Not Modified (0ms)


Started GET "/assets/say.css?body=1" for 127.0.0.1 at 2013-06-15 15:59:43 +0530
Served asset /say.css - 304 Not Modified (0ms)


Started GET "/assets/jquery.js?body=1" for 127.0.0.1 at 2013-06-15 15:59:43 +0530
Served asset /jquery.js - 304 Not Modified (1ms)


Started GET "/assets/application.js?body=1" for 127.0.0.1 at 2013-06-15 15:59:43 +0530
Served asset /application.js - 304 Not Modified (1ms)


Started GET "/assets/jquery_ujs.js?body=1" for 127.0.0.1 at 2013-06-15 15:59:43 +0530
Served asset /jquery_ujs.js - 304 Not Modified (0ms)


Started GET "/assets/say.js?body=1" for 127.0.0.1 at 2013-06-15 15:59:43 +0530
Served asset /say.js - 304 Not Modified (0ms)


Started GET "/say/hello" for 127.0.0.1 at 2013-06-15 15:59:43 +0530
Processing by SayController#hello as HTML
  Rendered say/hello.html.erb within layouts/application (0.1ms)
Completed 200 OK in 15ms (Views: 15.2ms | ActiveRecord: 0.0ms)


Started GET "/assets/application.css?body=1" for 127.0.0.1 at 2013-06-15 15:59:43 +0530
Served asset /application.css - 304 Not Modified (0ms)


Started GET "/assets/say.css?body=1" for 127.0.0.1 at 2013-06-15 15:59:43 +0530
Served asset /say.css - 304 Not Modified (0ms)


Started GET "/assets/jquery_ujs.js?body=1" for 127.0.0.1 at 2013-06-15 15:59:43 +0530
Served asset /jquery_ujs.js - 304 Not Modified (0ms)


Started GET "/assets/jquery.js?body=1" for 127.0.0.1 at 2013-06-15 15:59:43 +0530
Served asset /jquery.js - 304 Not Modified (1ms)


Started GET "/assets/say.js?body=1" for 127.0.0.1 at 2013-06-15 15:59:43 +0530
Served asset /say.js - 304 Not Modified (0ms)


Started GET "/assets/application.js?body=1" for 127.0.0.1 at 2013-06-15 15:59:43 +0530
Served asset /application.js - 304 Not Modified (1ms)


Started GET "/say/hello" for 127.0.0.1 at 2013-06-15 15:59:44 +0530
Processing by SayController#hello as HTML
  Rendered say/hello.html.erb within layouts/application (0.1ms)
Completed 200 OK in 14ms (Views: 13.5ms | ActiveRecord: 0.0ms)


Started GET "/assets/application.css?body=1" for 127.0.0.1 at 2013-06-15 15:59:44 +0530
Served asset /application.css - 304 Not Modified (0ms)


Started GET "/assets/jquery.js?body=1" for 127.0.0.1 at 2013-06-15 15:59:44 +0530
Served asset /jquery.js - 304 Not Modified (6ms)


Started GET "/assets/say.css?body=1" for 127.0.0.1 at 2013-06-15 15:59:44 +0530
Served asset /say.css - 304 Not Modified (0ms)


Started GET "/assets/say.js?body=1" for 127.0.0.1 at 2013-06-15 15:59:44 +0530
Served asset /say.js - 304 Not Modified (0ms)


Started GET "/assets/jquery_ujs.js?body=1" for 127.0.0.1 at 2013-06-15 15:59:44 +0530
Served asset /jquery_ujs.js - 304 Not Modified (0ms)


Started GET "/assets/application.js?body=1" for 127.0.0.1 at 2013-06-15 15:59:44 +0530
Served asset /application.js - 304 Not Modified (1ms)


Started GET "/say/hello" for 127.0.0.1 at 2013-06-15 15:59:45 +0530
Processing by SayController#hello as HTML
  Rendered say/hello.html.erb within layouts/application (0.1ms)
Completed 200 OK in 11ms (Views: 10.5ms | ActiveRecord: 0.0ms)


Started GET "/assets/application.css?body=1" for 127.0.0.1 at 2013-06-15 15:59:45 +0530
Served asset /application.css - 304 Not Modified (0ms)


Started GET "/assets/application.js?body=1" for 127.0.0.1 at 2013-06-15 15:59:45 +0530
Served asset /application.js - 304 Not Modified (8ms)


Started GET "/assets/say.js?body=1" for 127.0.0.1 at 2013-06-15 15:59:45 +0530
Served asset /say.js - 304 Not Modified (0ms)


Started GET "/assets/jquery_ujs.js?body=1" for 127.0.0.1 at 2013-06-15 15:59:45 +0530
Served asset /jquery_ujs.js - 304 Not Modified (0ms)


Started GET "/assets/say.css?body=1" for 127.0.0.1 at 2013-06-15 15:59:45 +0530
Served asset /say.css - 304 Not Modified (0ms)


Started GET "/assets/jquery.js?body=1" for 127.0.0.1 at 2013-06-15 15:59:45 +0530
Served asset /jquery.js - 304 Not Modified (1ms)


Started GET "/say/goodbye" for 127.0.0.1 at 2013-06-15 16:03:18 +0530
Processing by SayController#goodbye as HTML
  Rendered say/goodbye.html.erb within layouts/application (0.5ms)
Completed 200 OK in 12ms (Views: 11.4ms | ActiveRecord: 0.0ms)


Started GET "/assets/application.css?body=1" for 127.0.0.1 at 2013-06-15 16:03:19 +0530
Served asset /application.css - 304 Not Modified (0ms)


Started GET "/assets/jquery.js?body=1" for 127.0.0.1 at 2013-06-15 16:03:19 +0530
Served asset /jquery.js - 304 Not Modified (2ms)


Started GET "/assets/say.css?body=1" for 127.0.0.1 at 2013-06-15 16:03:19 +0530
Served asset /say.css - 304 Not Modified (0ms)


Started GET "/assets/jquery_ujs.js?body=1" for 127.0.0.1 at 2013-06-15 16:03:19 +0530
Served asset /jquery_ujs.js - 304 Not Modified (0ms)


Started GET "/assets/say.js?body=1" for 127.0.0.1 at 2013-06-15 16:03:19 +0530
Served asset /say.js - 304 Not Modified (0ms)


Started GET "/assets/application.js?body=1" for 127.0.0.1 at 2013-06-15 16:03:19 +0530
Served asset /application.js - 304 Not Modified (1ms)


Started GET "/say/goodbye" for 127.0.0.1 at 2013-06-15 16:03:40 +0530
Processing by SayController#goodbye as HTML
  Rendered say/goodbye.html.erb within layouts/application (0.4ms)
Completed 200 OK in 31ms (Views: 30.4ms | ActiveRecord: 0.0ms)


Started GET "/assets/application.css?body=1" for 127.0.0.1 at 2013-06-15 16:03:40 +0530
Served asset /application.css - 304 Not Modified (0ms)


Started GET "/assets/jquery.js?body=1" for 127.0.0.1 at 2013-06-15 16:03:40 +0530
Served asset /jquery.js - 304 Not Modified (8ms)


Started GET "/assets/application.js?body=1" for 127.0.0.1 at 2013-06-15 16:03:40 +0530
Served asset /application.js - 304 Not Modified (1ms)


Started GET "/assets/say.css?body=1" for 127.0.0.1 at 2013-06-15 16:03:40 +0530
Served asset /say.css - 304 Not Modified (0ms)


Started GET "/assets/jquery_ujs.js?body=1" for 127.0.0.1 at 2013-06-15 16:03:40 +0530
Served asset /jquery_ujs.js - 304 Not Modified (0ms)


Started GET "/assets/say.js?body=1" for 127.0.0.1 at 2013-06-15 16:03:40 +0530
Served asset /say.js - 304 Not Modified (0ms)


Started GET "/say/hello" for 127.0.0.1 at 2013-06-15 16:05:24 +0530
Processing by SayController#hello as HTML
  Rendered say/hello.html.erb within layouts/application (0.6ms)
Completed 200 OK in 12ms (Views: 11.7ms | ActiveRecord: 0.0ms)


Started GET "/assets/application.css?body=1" for 127.0.0.1 at 2013-06-15 16:05:24 +0530
Served asset /application.css - 304 Not Modified (0ms)


Started GET "/assets/application.js?body=1" for 127.0.0.1 at 2013-06-15 16:05:24 +0530
Served asset /application.js - 304 Not Modified (1ms)


Started GET "/assets/jquery_ujs.js?body=1" for 127.0.0.1 at 2013-06-15 16:05:24 +0530
Served asset /jquery_ujs.js - 304 Not Modified (0ms)


Started GET "/assets/jquery.js?body=1" for 127.0.0.1 at 2013-06-15 16:05:24 +0530
Served asset /jquery.js - 304 Not Modified (1ms)


Started GET "/assets/say.css?body=1" for 127.0.0.1 at 2013-06-15 16:05:24 +0530
Served asset /say.css - 304 Not Modified (0ms)


Started GET "/assets/say.js?body=1" for 127.0.0.1 at 2013-06-15 16:05:24 +0530
Served asset /say.js - 304 Not Modified (0ms)


Started GET "/say/goodbye" for 127.0.0.1 at 2013-06-15 16:05:26 +0530
Processing by SayController#goodbye as HTML
  Rendered say/goodbye.html.erb within layouts/application (0.0ms)
Completed 200 OK in 10ms (Views: 10.0ms | ActiveRecord: 0.0ms)


Started GET "/assets/application.css?body=1" for 127.0.0.1 at 2013-06-15 16:05:27 +0530
Served asset /application.css - 304 Not Modified (0ms)


Started GET "/assets/say.css?body=1" for 127.0.0.1 at 2013-06-15 16:05:27 +0530
Served asset /say.css - 304 Not Modified (0ms)


Started GET "/assets/jquery.js?body=1" for 127.0.0.1 at 2013-06-15 16:05:27 +0530
Served asset /jquery.js - 304 Not Modified (1ms)


Started GET "/assets/jquery_ujs.js?body=1" for 127.0.0.1 at 2013-06-15 16:05:27 +0530
Served asset /jquery_ujs.js - 304 Not Modified (0ms)


Started GET "/assets/say.js?body=1" for 127.0.0.1 at 2013-06-15 16:05:27 +0530
Served asset /say.js - 304 Not Modified (0ms)


Started GET "/assets/application.js?body=1" for 127.0.0.1 at 2013-06-15 16:05:27 +0530
Served asset /application.js - 304 Not Modified (3ms)
Connecting to database specified by database.yml
Connecting to database specified by database.yml
Connecting to database specified by database.yml
Connecting to database specified by database.yml
Connecting to database specified by database.yml


Started GET "/say/goodbye" for 127.0.0.1 at 2013-06-15 16:20:12 +0530
Processing by SayController#goodbye as HTML
  Rendered say/goodbye.html.erb within layouts/application (2.7ms)
Compiled say.css  (27ms)  (pid 6923)
Compiled application.css  (35ms)  (pid 6923)
Compiled jquery.js  (2ms)  (pid 6923)
Compiled jquery_ujs.js  (0ms)  (pid 6923)
Compiled say.js  (205ms)  (pid 6923)
Compiled application.js  (254ms)  (pid 6923)
Completed 200 OK in 382ms (Views: 381.3ms | ActiveRecord: 0.0ms)


Started GET "/assets/application.css?body=1" for 127.0.0.1 at 2013-06-15 16:20:13 +0530
Served asset /application.css - 200 OK (10ms)


Started GET "/assets/say.css?body=1" for 127.0.0.1 at 2013-06-15 16:20:13 +0530
Served asset /say.css - 200 OK (2ms)


Started GET "/assets/application.js?body=1" for 127.0.0.1 at 2013-06-15 16:20:13 +0530
Served asset /application.js - 200 OK (28ms)


Started GET "/assets/say.js?body=1" for 127.0.0.1 at 2013-06-15 16:20:13 +0530
Served asset /say.js - 200 OK (2ms)


Started GET "/assets/jquery_ujs.js?body=1" for 127.0.0.1 at 2013-06-15 16:20:13 +0530
Served asset /jquery_ujs.js - 200 OK (2ms)


Started GET "/assets/jquery.js?body=1" for 127.0.0.1 at 2013-06-15 16:20:13 +0530
Served asset /jquery.js - 200 OK (3ms)


Started GET "/say/hello" for 127.0.0.1 at 2013-06-15 16:20:20 +0530
Processing by SayController#hello as HTML
ERROR: compiling _app_views_say_hello_html_erb___3435201013258789376_69942066414580 RAISED /home/dina/static/rails/myapp/app/views/say/hello.html.erb:6: syntax error, unexpected tIDENTIFIER, expecting ')'
...nk_to "Hurray" say_goodbye_path );@output_buffer.safe_concat...
...                               ^
Function body:           def _app_views_say_hello_html_erb___3435201013258789376_69942066414580(local_assigns, output_buffer)
            _old_virtual_path, @virtual_path = @virtual_path, "say/hello";_old_output_buffer = @output_buffer;;@output_buffer = output_buffer || ActionView::OutputBuffer.new;@output_buffer.safe_concat('<h1>Hello this is my first application</h1>
<p>
  It is now ');@output_buffer.append= ( @time );@output_buffer.safe_concat('
');@output_buffer.safe_concat('</p>
<p>
  ');@output_buffer.append= ( link_to "Hurray" say_goodbye_path );@output_buffer.safe_concat('
');@output_buffer.safe_concat('</p>
');@output_buffer.to_s
          ensure
            @virtual_path, @output_buffer = _old_virtual_path, _old_output_buffer
          end

Backtrace: /usr/local/lib/ruby/gems/1.9.1/gems/actionpack-3.2.13/lib/action_view/template.rb:297:in `module_eval'
/usr/local/lib/ruby/gems/1.9.1/gems/actionpack-3.2.13/lib/action_view/template.rb:297:in `compile'
/usr/local/lib/ruby/gems/1.9.1/gems/actionpack-3.2.13/lib/action_view/template.rb:244:in `block in compile!'
<internal:prelude>:10:in `synchronize'
/usr/local/lib/ruby/gems/1.9.1/gems/actionpack-3.2.13/lib/action_view/template.rb:232:in `compile!'
/usr/local/lib/ruby/gems/1.9.1/gems/actionpack-3.2.13/lib/action_view/template.rb:144:in `block in render'
/usr/local/lib/ruby/gems/1.9.1/gems/activesupport-3.2.13/lib/active_support/notifications.rb:125:in `instrument'
/usr/local/lib/ruby/gems/1.9.1/gems/actionpack-3.2.13/lib/action_view/template.rb:143:in `render'
/usr/local/lib/ruby/gems/1.9.1/gems/actionpack-3.2.13/lib/action_view/renderer/template_renderer.rb:47:in `block (2 levels) in render_template'
/usr/local/lib/ruby/gems/1.9.1/gems/actionpack-3.2.13/lib/action_view/renderer/abstract_renderer.rb:38:in `block in instrument'
/usr/local/lib/ruby/gems/1.9.1/gems/activesupport-3.2.13/lib/active_support/notifications.rb:123:in `block in instrument'
/usr/local/lib/ruby/gems/1.9.1/gems/activesupport-3.2.13/lib/active_support/notifications/instrumenter.rb:20:in `instrument'
/usr/local/lib/ruby/gems/1.9.1/gems/activesupport-3.2.13/lib/active_support/notifications.rb:123:in `instrument'
/usr/local/lib/ruby/gems/1.9.1/gems/actionpack-3.2.13/lib/action_view/renderer/abstract_renderer.rb:38:in `instrument'
/usr/local/lib/ruby/gems/1.9.1/gems/actionpack-3.2.13/lib/action_view/renderer/template_renderer.rb:46:in `block in render_template'
/usr/local/lib/ruby/gems/1.9.1/gems/actionpack-3.2.13/lib/action_view/renderer/template_renderer.rb:54:in `render_with_layout'
/usr/local/lib/ruby/gems/1.9.1/gems/actionpack-3.2.13/lib/action_view/renderer/template_renderer.rb:45:in `render_template'
/usr/local/lib/ruby/gems/1.9.1/gems/actionpack-3.2.13/lib/action_view/renderer/template_renderer.rb:18:in `render'
/usr/local/lib/ruby/gems/1.9.1/gems/actionpack-3.2.13/lib/action_view/renderer/renderer.rb:36:in `render_template'
/usr/local/lib/ruby/gems/1.9.1/gems/actionpack-3.2.13/lib/action_view/renderer/renderer.rb:17:in `render'
/usr/local/lib/ruby/gems/1.9.1/gems/actionpack-3.2.13/lib/abstract_controller/rendering.rb:110:in `_render_template'
/usr/local/lib/ruby/gems/1.9.1/gems/actionpack-3.2.13/lib/action_controller/metal/streaming.rb:225:in `_render_template'
/usr/local/lib/ruby/gems/1.9.1/gems/actionpack-3.2.13/lib/abstract_controller/rendering.rb:103:in `render_to_body'
/usr/local/lib/ruby/gems/1.9.1/gems/actionpack-3.2.13/lib/action_controller/metal/renderers.rb:28:in `render_to_body'
/usr/local/lib/ruby/gems/1.9.1/gems/actionpack-3.2.13/lib/action_controller/metal/compatibility.rb:50:in `render_to_body'
/usr/local/lib/ruby/gems/1.9.1/gems/actionpack-3.2.13/lib/abstract_controller/rendering.rb:88:in `render'
/usr/local/lib/ruby/gems/1.9.1/gems/actionpack-3.2.13/lib/action_controller/metal/rendering.rb:16:in `render'
/usr/local/lib/ruby/gems/1.9.1/gems/actionpack-3.2.13/lib/action_controller/metal/instrumentation.rb:40:in `block (2 levels) in render'
/usr/local/lib/ruby/gems/1.9.1/gems/activesupport-3.2.13/lib/active_support/core_ext/benchmark.rb:5:in `block in ms'
/usr/local/lib/ruby/1.9.1/benchmark.rb:295:in `realtime'
/usr/local/lib/ruby/gems/1.9.1/gems/activesupport-3.2.13/lib/active_support/core_ext/benchmark.rb:5:in `ms'
/usr/local/lib/ruby/gems/1.9.1/gems/actionpack-3.2.13/lib/action_controller/metal/instrumentation.rb:40:in `block in render'
/usr/local/lib/ruby/gems/1.9.1/gems/actionpack-3.2.13/lib/action_controller/metal/instrumentation.rb:83:in `cleanup_view_runtime'
/usr/local/lib/ruby/gems/1.9.1/gems/activerecord-3.2.13/lib/active_record/railties/controller_runtime.rb:24:in `cleanup_view_runtime'
/usr/local/lib/ruby/gems/1.9.1/gems/actionpack-3.2.13/lib/action_controller/metal/instrumentation.rb:39:in `render'
/usr/local/lib/ruby/gems/1.9.1/gems/actionpack-3.2.13/lib/action_controller/metal/implicit_render.rb:10:in `default_render'
/usr/local/lib/ruby/gems/1.9.1/gems/actionpack-3.2.13/lib/action_controller/metal/implicit_render.rb:5:in `send_action'
/usr/local/lib/ruby/gems/1.9.1/gems/actionpack-3.2.13/lib/abstract_controller/base.rb:167:in `process_action'
/usr/local/lib/ruby/gems/1.9.1/gems/actionpack-3.2.13/lib/action_controller/metal/rendering.rb:10:in `process_action'
/usr/local/lib/ruby/gems/1.9.1/gems/actionpack-3.2.13/lib/abstract_controller/callbacks.rb:18:in `block in process_action'
/usr/local/lib/ruby/gems/1.9.1/gems/activesupport-3.2.13/lib/active_support/callbacks.rb:414:in `_run__1433807529838363237__process_action__1363754581911884102__callbacks'
/usr/local/lib/ruby/gems/1.9.1/gems/activesupport-3.2.13/lib/active_support/callbacks.rb:405:in `__run_callback'
/usr/local/lib/ruby/gems/1.9.1/gems/activesupport-3.2.13/lib/active_support/callbacks.rb:385:in `_run_process_action_callbacks'
/usr/local/lib/ruby/gems/1.9.1/gems/activesupport-3.2.13/lib/active_support/callbacks.rb:81:in `run_callbacks'
/usr/local/lib/ruby/gems/1.9.1/gems/actionpack-3.2.13/lib/abstract_controller/callbacks.rb:17:in `process_action'
/usr/local/lib/ruby/gems/1.9.1/gems/actionpack-3.2.13/lib/action_controller/metal/rescue.rb:29:in `process_action'
/usr/local/lib/ruby/gems/1.9.1/gems/actionpack-3.2.13/lib/action_controller/metal/instrumentation.rb:30:in `block in process_action'
/usr/local/lib/ruby/gems/1.9.1/gems/activesupport-3.2.13/lib/active_support/notifications.rb:123:in `block in instrument'
/usr/local/lib/ruby/gems/1.9.1/gems/activesupport-3.2.13/lib/active_support/notifications/instrumenter.rb:20:in `instrument'
/usr/local/lib/ruby/gems/1.9.1/gems/activesupport-3.2.13/lib/active_support/notifications.rb:123:in `instrument'
/usr/local/lib/ruby/gems/1.9.1/gems/actionpack-3.2.13/lib/action_controller/metal/instrumentation.rb:29:in `process_action'
/usr/local/lib/ruby/gems/1.9.1/gems/actionpack-3.2.13/lib/action_controller/metal/params_wrapper.rb:207:in `process_action'
/usr/local/lib/ruby/gems/1.9.1/gems/activerecord-3.2.13/lib/active_record/railties/controller_runtime.rb:18:in `process_action'
/usr/local/lib/ruby/gems/1.9.1/gems/actionpack-3.2.13/lib/abstract_controller/base.rb:121:in `process'
/usr/local/lib/ruby/gems/1.9.1/gems/actionpack-3.2.13/lib/abstract_controller/rendering.rb:45:in `process'
/usr/local/lib/ruby/gems/1.9.1/gems/actionpack-3.2.13/lib/action_controller/metal.rb:203:in `dispatch'
/usr/local/lib/ruby/gems/1.9.1/gems/actionpack-3.2.13/lib/action_controller/metal/rack_delegation.rb:14:in `dispatch'
/usr/local/lib/ruby/gems/1.9.1/gems/actionpack-3.2.13/lib/action_controller/metal.rb:246:in `block in action'
/usr/local/lib/ruby/gems/1.9.1/gems/actionpack-3.2.13/lib/action_dispatch/routing/route_set.rb:73:in `call'
/usr/local/lib/ruby/gems/1.9.1/gems/actionpack-3.2.13/lib/action_dispatch/routing/route_set.rb:73:in `dispatch'
/usr/local/lib/ruby/gems/1.9.1/gems/actionpack-3.2.13/lib/action_dispatch/routing/route_set.rb:36:in `call'
/usr/local/lib/ruby/gems/1.9.1/gems/journey-1.0.4/lib/journey/router.rb:68:in `block in call'
/usr/local/lib/ruby/gems/1.9.1/gems/journey-1.0.4/lib/journey/router.rb:56:in `each'
/usr/local/lib/ruby/gems/1.9.1/gems/journey-1.0.4/lib/journey/router.rb:56:in `call'
/usr/local/lib/ruby/gems/1.9.1/gems/actionpack-3.2.13/lib/action_dispatch/routing/route_set.rb:612:in `call'
/usr/local/lib/ruby/gems/1.9.1/gems/actionpack-3.2.13/lib/action_dispatch/middleware/best_standards_support.rb:17:in `call'
/usr/local/lib/ruby/gems/1.9.1/gems/rack-1.4.5/lib/rack/etag.rb:23:in `call'
/usr/local/lib/ruby/gems/1.9.1/gems/rack-1.4.5/lib/rack/conditionalget.rb:25:in `call'
/usr/local/lib/ruby/gems/1.9.1/gems/actionpack-3.2.13/lib/action_dispatch/middleware/head.rb:14:in `call'
/usr/local/lib/ruby/gems/1.9.1/gems/actionpack-3.2.13/lib/action_dispatch/middleware/params_parser.rb:21:in `call'
/usr/local/lib/ruby/gems/1.9.1/gems/actionpack-3.2.13/lib/action_dispatch/middleware/flash.rb:242:in `call'
/usr/local/lib/ruby/gems/1.9.1/gems/rack-1.4.5/lib/rack/session/abstract/id.rb:210:in `context'
/usr/local/lib/ruby/gems/1.9.1/gems/rack-1.4.5/lib/rack/session/abstract/id.rb:205:in `call'
/usr/local/lib/ruby/gems/1.9.1/gems/actionpack-3.2.13/lib/action_dispatch/middleware/cookies.rb:341:in `call'
/usr/local/lib/ruby/gems/1.9.1/gems/activerecord-3.2.13/lib/active_record/query_cache.rb:64:in `call'
/usr/local/lib/ruby/gems/1.9.1/gems/activerecord-3.2.13/lib/active_record/connection_adapters/abstract/connection_pool.rb:479:in `call'
/usr/local/lib/ruby/gems/1.9.1/gems/actionpack-3.2.13/lib/action_dispatch/middleware/callbacks.rb:28:in `block in call'
/usr/local/lib/ruby/gems/1.9.1/gems/activesupport-3.2.13/lib/active_support/callbacks.rb:405:in `_run__2150947097824873766__call__1203324665746604585__callbacks'
/usr/local/lib/ruby/gems/1.9.1/gems/activesupport-3.2.13/lib/active_support/callbacks.rb:405:in `__run_callback'
/usr/local/lib/ruby/gems/1.9.1/gems/activesupport-3.2.13/lib/active_support/callbacks.rb:385:in `_run_call_callbacks'
/usr/local/lib/ruby/gems/1.9.1/gems/activesupport-3.2.13/lib/active_support/callbacks.rb:81:in `run_callbacks'
/usr/local/lib/ruby/gems/1.9.1/gems/actionpack-3.2.13/lib/action_dispatch/middleware/callbacks.rb:27:in `call'
/usr/local/lib/ruby/gems/1.9.1/gems/actionpack-3.2.13/lib/action_dispatch/middleware/reloader.rb:65:in `call'
/usr/local/lib/ruby/gems/1.9.1/gems/actionpack-3.2.13/lib/action_dispatch/middleware/remote_ip.rb:31:in `call'
/usr/local/lib/ruby/gems/1.9.1/gems/actionpack-3.2.13/lib/action_dispatch/middleware/debug_exceptions.rb:16:in `call'
/usr/local/lib/ruby/gems/1.9.1/gems/actionpack-3.2.13/lib/action_dispatch/middleware/show_exceptions.rb:56:in `call'
/usr/local/lib/ruby/gems/1.9.1/gems/railties-3.2.13/lib/rails/rack/logger.rb:32:in `call_app'
/usr/local/lib/ruby/gems/1.9.1/gems/railties-3.2.13/lib/rails/rack/logger.rb:16:in `block in call'
/usr/local/lib/ruby/gems/1.9.1/gems/activesupport-3.2.13/lib/active_support/tagged_logging.rb:22:in `tagged'
/usr/local/lib/ruby/gems/1.9.1/gems/railties-3.2.13/lib/rails/rack/logger.rb:16:in `call'
/usr/local/lib/ruby/gems/1.9.1/gems/actionpack-3.2.13/lib/action_dispatch/middleware/request_id.rb:22:in `call'
/usr/local/lib/ruby/gems/1.9.1/gems/rack-1.4.5/lib/rack/methodoverride.rb:21:in `call'
/usr/local/lib/ruby/gems/1.9.1/gems/rack-1.4.5/lib/rack/runtime.rb:17:in `call'
/usr/local/lib/ruby/gems/1.9.1/gems/activesupport-3.2.13/lib/active_support/cache/strategy/local_cache.rb:72:in `call'
/usr/local/lib/ruby/gems/1.9.1/gems/rack-1.4.5/lib/rack/lock.rb:15:in `call'
/usr/local/lib/ruby/gems/1.9.1/gems/actionpack-3.2.13/lib/action_dispatch/middleware/static.rb:63:in `call'
/usr/local/lib/ruby/gems/1.9.1/gems/railties-3.2.13/lib/rails/engine.rb:479:in `call'
/usr/local/lib/ruby/gems/1.9.1/gems/railties-3.2.13/lib/rails/application.rb:223:in `call'
/usr/local/lib/ruby/gems/1.9.1/gems/rack-1.4.5/lib/rack/content_length.rb:14:in `call'
/usr/local/lib/ruby/gems/1.9.1/gems/railties-3.2.13/lib/rails/rack/log_tailer.rb:17:in `call'
/usr/local/lib/ruby/gems/1.9.1/gems/rack-1.4.5/lib/rack/handler/webrick.rb:59:in `service'
/usr/local/lib/ruby/1.9.1/webrick/httpserver.rb:138:in `service'
/usr/local/lib/ruby/1.9.1/webrick/httpserver.rb:94:in `run'
/usr/local/lib/ruby/1.9.1/webrick/server.rb:191:in `block in start_thread'
  Rendered say/hello.html.erb within layouts/application (41.3ms)
Completed 500 Internal Server Error in 44ms

ActionView::Template::Error (/home/dina/static/rails/myapp/app/views/say/hello.html.erb:6: syntax error, unexpected tIDENTIFIER, expecting ')'
...nk_to "Hurray" say_goodbye_path );@output_buffer.safe_concat...
...                               ^):
    3:   It is now <%= @time %>
    4: </p>
    5: <p>
    6:   <%= link_to "Hurray" say_goodbye_path %>
    7: </p>
  actionpack (3.2.13) lib/action_view/template.rb:297:in `module_eval'
  actionpack (3.2.13) lib/action_view/template.rb:297:in `compile'
  actionpack (3.2.13) lib/action_view/template.rb:244:in `block in compile!'
  <internal:prelude>:10:in `synchronize'
  actionpack (3.2.13) lib/action_view/template.rb:232:in `compile!'
  actionpack (3.2.13) lib/action_view/template.rb:144:in `block in render'
  activesupport (3.2.13) lib/active_support/notifications.rb:125:in `instrument'
  actionpack (3.2.13) lib/action_view/template.rb:143:in `render'
  actionpack (3.2.13) lib/action_view/renderer/template_renderer.rb:47:in `block (2 levels) in render_template'
  actionpack (3.2.13) lib/action_view/renderer/abstract_renderer.rb:38:in `block in instrument'
  activesupport (3.2.13) lib/active_support/notifications.rb:123:in `block in instrument'
  activesupport (3.2.13) lib/active_support/notifications/instrumenter.rb:20:in `instrument'
  activesupport (3.2.13) lib/active_support/notifications.rb:123:in `instrument'
  actionpack (3.2.13) lib/action_view/renderer/abstract_renderer.rb:38:in `instrument'
  actionpack (3.2.13) lib/action_view/renderer/template_renderer.rb:46:in `block in render_template'
  actionpack (3.2.13) lib/action_view/renderer/template_renderer.rb:54:in `render_with_layout'
  actionpack (3.2.13) lib/action_view/renderer/template_renderer.rb:45:in `render_template'
  actionpack (3.2.13) lib/action_view/renderer/template_renderer.rb:18:in `render'
  actionpack (3.2.13) lib/action_view/renderer/renderer.rb:36:in `render_template'
  actionpack (3.2.13) lib/action_view/renderer/renderer.rb:17:in `render'
  actionpack (3.2.13) lib/abstract_controller/rendering.rb:110:in `_render_template'
  actionpack (3.2.13) lib/action_controller/metal/streaming.rb:225:in `_render_template'
  actionpack (3.2.13) lib/abstract_controller/rendering.rb:103:in `render_to_body'
  actionpack (3.2.13) lib/action_controller/metal/renderers.rb:28:in `render_to_body'
  actionpack (3.2.13) lib/action_controller/metal/compatibility.rb:50:in `render_to_body'
  actionpack (3.2.13) lib/abstract_controller/rendering.rb:88:in `render'
  actionpack (3.2.13) lib/action_controller/metal/rendering.rb:16:in `render'
  actionpack (3.2.13) lib/action_controller/metal/instrumentation.rb:40:in `block (2 levels) in render'
  activesupport (3.2.13) lib/active_support/core_ext/benchmark.rb:5:in `block in ms'
  /usr/local/lib/ruby/1.9.1/benchmark.rb:295:in `realtime'
  activesupport (3.2.13) lib/active_support/core_ext/benchmark.rb:5:in `ms'
  actionpack (3.2.13) lib/action_controller/metal/instrumentation.rb:40:in `block in render'
  actionpack (3.2.13) lib/action_controller/metal/instrumentation.rb:83:in `cleanup_view_runtime'
  activerecord (3.2.13) lib/active_record/railties/controller_runtime.rb:24:in `cleanup_view_runtime'
  actionpack (3.2.13) lib/action_controller/metal/instrumentation.rb:39:in `render'
  actionpack (3.2.13) lib/action_controller/metal/implicit_render.rb:10:in `default_render'
  actionpack (3.2.13) lib/action_controller/metal/implicit_render.rb:5:in `send_action'
  actionpack (3.2.13) lib/abstract_controller/base.rb:167:in `process_action'
  actionpack (3.2.13) lib/action_controller/metal/rendering.rb:10:in `process_action'
  actionpack (3.2.13) lib/abstract_controller/callbacks.rb:18:in `block in process_action'
  activesupport (3.2.13) lib/active_support/callbacks.rb:414:in `_run__1433807529838363237__process_action__1363754581911884102__callbacks'
  activesupport (3.2.13) lib/active_support/callbacks.rb:405:in `__run_callback'
  activesupport (3.2.13) lib/active_support/callbacks.rb:385:in `_run_process_action_callbacks'
  activesupport (3.2.13) lib/active_support/callbacks.rb:81:in `run_callbacks'
  actionpack (3.2.13) lib/abstract_controller/callbacks.rb:17:in `process_action'
  actionpack (3.2.13) lib/action_controller/metal/rescue.rb:29:in `process_action'
  actionpack (3.2.13) lib/action_controller/metal/instrumentation.rb:30:in `block in process_action'
  activesupport (3.2.13) lib/active_support/notifications.rb:123:in `block in instrument'
  activesupport (3.2.13) lib/active_support/notifications/instrumenter.rb:20:in `instrument'
  activesupport (3.2.13) lib/active_support/notifications.rb:123:in `instrument'
  actionpack (3.2.13) lib/action_controller/metal/instrumentation.rb:29:in `process_action'
  actionpack (3.2.13) lib/action_controller/metal/params_wrapper.rb:207:in `process_action'
  activerecord (3.2.13) lib/active_record/railties/controller_runtime.rb:18:in `process_action'
  actionpack (3.2.13) lib/abstract_controller/base.rb:121:in `process'
  actionpack (3.2.13) lib/abstract_controller/rendering.rb:45:in `process'
  actionpack (3.2.13) lib/action_controller/metal.rb:203:in `dispatch'
  actionpack (3.2.13) lib/action_controller/metal/rack_delegation.rb:14:in `dispatch'
  actionpack (3.2.13) lib/action_controller/metal.rb:246:in `block in action'
  actionpack (3.2.13) lib/action_dispatch/routing/route_set.rb:73:in `call'
  actionpack (3.2.13) lib/action_dispatch/routing/route_set.rb:73:in `dispatch'
  actionpack (3.2.13) lib/action_dispatch/routing/route_set.rb:36:in `call'
  journey (1.0.4) lib/journey/router.rb:68:in `block in call'
  journey (1.0.4) lib/journey/router.rb:56:in `each'
  journey (1.0.4) lib/journey/router.rb:56:in `call'
  actionpack (3.2.13) lib/action_dispatch/routing/route_set.rb:612:in `call'
  actionpack (3.2.13) lib/action_dispatch/middleware/best_standards_support.rb:17:in `call'
  rack (1.4.5) lib/rack/etag.rb:23:in `call'
  rack (1.4.5) lib/rack/conditionalget.rb:25:in `call'
  actionpack (3.2.13) lib/action_dispatch/middleware/head.rb:14:in `call'
  actionpack (3.2.13) lib/action_dispatch/middleware/params_parser.rb:21:in `call'
  actionpack (3.2.13) lib/action_dispatch/middleware/flash.rb:242:in `call'
  rack (1.4.5) lib/rack/session/abstract/id.rb:210:in `context'
  rack (1.4.5) lib/rack/session/abstract/id.rb:205:in `call'
  actionpack (3.2.13) lib/action_dispatch/middleware/cookies.rb:341:in `call'
  activerecord (3.2.13) lib/active_record/query_cache.rb:64:in `call'
  activerecord (3.2.13) lib/active_record/connection_adapters/abstract/connection_pool.rb:479:in `call'
  actionpack (3.2.13) lib/action_dispatch/middleware/callbacks.rb:28:in `block in call'
  activesupport (3.2.13) lib/active_support/callbacks.rb:405:in `_run__2150947097824873766__call__1203324665746604585__callbacks'
  activesupport (3.2.13) lib/active_support/callbacks.rb:405:in `__run_callback'
  activesupport (3.2.13) lib/active_support/callbacks.rb:385:in `_run_call_callbacks'
  activesupport (3.2.13) lib/active_support/callbacks.rb:81:in `run_callbacks'
  actionpack (3.2.13) lib/action_dispatch/middleware/callbacks.rb:27:in `call'
  actionpack (3.2.13) lib/action_dispatch/middleware/reloader.rb:65:in `call'
  actionpack (3.2.13) lib/action_dispatch/middleware/remote_ip.rb:31:in `call'
  actionpack (3.2.13) lib/action_dispatch/middleware/debug_exceptions.rb:16:in `call'
  actionpack (3.2.13) lib/action_dispatch/middleware/show_exceptions.rb:56:in `call'
  railties (3.2.13) lib/rails/rack/logger.rb:32:in `call_app'
  railties (3.2.13) lib/rails/rack/logger.rb:16:in `block in call'
  activesupport (3.2.13) lib/active_support/tagged_logging.rb:22:in `tagged'
  railties (3.2.13) lib/rails/rack/logger.rb:16:in `call'
  actionpack (3.2.13) lib/action_dispatch/middleware/request_id.rb:22:in `call'
  rack (1.4.5) lib/rack/methodoverride.rb:21:in `call'
  rack (1.4.5) lib/rack/runtime.rb:17:in `call'
  activesupport (3.2.13) lib/active_support/cache/strategy/local_cache.rb:72:in `call'
  rack (1.4.5) lib/rack/lock.rb:15:in `call'
  actionpack (3.2.13) lib/action_dispatch/middleware/static.rb:63:in `call'
  railties (3.2.13) lib/rails/engine.rb:479:in `call'
  railties (3.2.13) lib/rails/application.rb:223:in `call'
  rack (1.4.5) lib/rack/content_length.rb:14:in `call'
  railties (3.2.13) lib/rails/rack/log_tailer.rb:17:in `call'
  rack (1.4.5) lib/rack/handler/webrick.rb:59:in `service'
  /usr/local/lib/ruby/1.9.1/webrick/httpserver.rb:138:in `service'
  /usr/local/lib/ruby/1.9.1/webrick/httpserver.rb:94:in `run'
  /usr/local/lib/ruby/1.9.1/webrick/server.rb:191:in `block in start_thread'


  Rendered /usr/local/lib/ruby/gems/1.9.1/gems/actionpack-3.2.13/lib/action_dispatch/middleware/templates/rescues/_trace.erb (1.9ms)
  Rendered /usr/local/lib/ruby/gems/1.9.1/gems/actionpack-3.2.13/lib/action_dispatch/middleware/templates/rescues/_request_and_response.erb (1.4ms)
  Rendered /usr/local/lib/ruby/gems/1.9.1/gems/actionpack-3.2.13/lib/action_dispatch/middleware/templates/rescues/template_error.erb within rescues/layout (11.9ms)


Started GET "/say/hello" for 127.0.0.1 at 2013-06-15 16:21:18 +0530
Processing by SayController#hello as HTML
  Rendered say/hello.html.erb within layouts/application (1.4ms)
Completed 200 OK in 14ms (Views: 13.6ms | ActiveRecord: 0.0ms)


Started GET "/assets/application.css?body=1" for 127.0.0.1 at 2013-06-15 16:21:19 +0530
Served asset /application.css - 304 Not Modified (0ms)


Started GET "/assets/say.css?body=1" for 127.0.0.1 at 2013-06-15 16:21:19 +0530
Served asset /say.css - 304 Not Modified (0ms)


Started GET "/assets/jquery.js?body=1" for 127.0.0.1 at 2013-06-15 16:21:19 +0530
Served asset /jquery.js - 304 Not Modified (1ms)


Started GET "/assets/application.js?body=1" for 127.0.0.1 at 2013-06-15 16:21:19 +0530
Served asset /application.js - 304 Not Modified (1ms)


Started GET "/assets/say.js?body=1" for 127.0.0.1 at 2013-06-15 16:21:19 +0530
Served asset /say.js - 304 Not Modified (0ms)


Started GET "/assets/jquery_ujs.js?body=1" for 127.0.0.1 at 2013-06-15 16:21:19 +0530
Served asset /jquery_ujs.js - 304 Not Modified (0ms)


Started GET "/say/hello" for 127.0.0.1 at 2013-06-15 16:21:21 +0530
Processing by SayController#hello as HTML
  Rendered say/hello.html.erb within layouts/application (0.4ms)
Completed 200 OK in 34ms (Views: 33.1ms | ActiveRecord: 0.0ms)


Started GET "/assets/application.css?body=1" for 127.0.0.1 at 2013-06-15 16:21:21 +0530
Served asset /application.css - 304 Not Modified (0ms)


Started GET "/assets/say.js?body=1" for 127.0.0.1 at 2013-06-15 16:21:21 +0530
Served asset /say.js - 304 Not Modified (0ms)


Started GET "/assets/jquery_ujs.js?body=1" for 127.0.0.1 at 2013-06-15 16:21:21 +0530
Served asset /jquery_ujs.js - 304 Not Modified (0ms)


Started GET "/assets/say.css?body=1" for 127.0.0.1 at 2013-06-15 16:21:21 +0530
Served asset /say.css - 304 Not Modified (0ms)


Started GET "/assets/application.js?body=1" for 127.0.0.1 at 2013-06-15 16:21:21 +0530
Served asset /application.js - 304 Not Modified (1ms)


Started GET "/assets/jquery.js?body=1" for 127.0.0.1 at 2013-06-15 16:21:21 +0530
Served asset /jquery.js - 304 Not Modified (1ms)


Started GET "/say/hello" for 127.0.0.1 at 2013-06-15 16:21:21 +0530
Processing by SayController#hello as HTML
  Rendered say/hello.html.erb within layouts/application (1.0ms)
Completed 200 OK in 15ms (Views: 14.7ms | ActiveRecord: 0.0ms)


Started GET "/assets/application.css?body=1" for 127.0.0.1 at 2013-06-15 16:21:21 +0530
Served asset /application.css - 304 Not Modified (0ms)


Started GET "/assets/jquery_ujs.js?body=1" for 127.0.0.1 at 2013-06-15 16:21:21 +0530
Served asset /jquery_ujs.js - 304 Not Modified (0ms)


Started GET "/assets/jquery.js?body=1" for 127.0.0.1 at 2013-06-15 16:21:21 +0530
Served asset /jquery.js - 304 Not Modified (1ms)


Started GET "/assets/say.css?body=1" for 127.0.0.1 at 2013-06-15 16:21:21 +0530
Served asset /say.css - 304 Not Modified (0ms)


Started GET "/assets/application.js?body=1" for 127.0.0.1 at 2013-06-15 16:21:22 +0530
Served asset /application.js - 304 Not Modified (1ms)


Started GET "/assets/say.js?body=1" for 127.0.0.1 at 2013-06-15 16:21:22 +0530
Served asset /say.js - 304 Not Modified (0ms)


Started GET "/say/goodbye" for 127.0.0.1 at 2013-06-15 16:21:27 +0530
Processing by SayController#goodbye as HTML
  Rendered say/goodbye.html.erb within layouts/application (0.0ms)
Completed 200 OK in 11ms (Views: 10.6ms | ActiveRecord: 0.0ms)


Started GET "/assets/application.css?body=1" for 127.0.0.1 at 2013-06-15 16:21:28 +0530
Served asset /application.css - 304 Not Modified (0ms)


Started GET "/assets/application.js?body=1" for 127.0.0.1 at 2013-06-15 16:21:28 +0530
Served asset /application.js - 304 Not Modified (6ms)


Started GET "/assets/say.js?body=1" for 127.0.0.1 at 2013-06-15 16:21:28 +0530
Served asset /say.js - 304 Not Modified (0ms)


Started GET "/assets/say.css?body=1" for 127.0.0.1 at 2013-06-15 16:21:28 +0530
Served asset /say.css - 304 Not Modified (0ms)


Started GET "/assets/jquery.js?body=1" for 127.0.0.1 at 2013-06-15 16:21:28 +0530
Served asset /jquery.js - 304 Not Modified (1ms)


Started GET "/assets/jquery_ujs.js?body=1" for 127.0.0.1 at 2013-06-15 16:21:28 +0530
Served asset /jquery_ujs.js - 304 Not Modified (0ms)


Started GET "/say/hello" for 127.0.0.1 at 2013-06-15 16:22:15 +0530
Processing by SayController#hello as HTML
  Rendered say/hello.html.erb within layouts/application (0.4ms)
Completed 200 OK in 13ms (Views: 12.6ms | ActiveRecord: 0.0ms)


Started GET "/assets/application.css?body=1" for 127.0.0.1 at 2013-06-15 16:22:15 +0530
Served asset /application.css - 304 Not Modified (0ms)


Started GET "/assets/application.js?body=1" for 127.0.0.1 at 2013-06-15 16:22:15 +0530
Served asset /application.js - 304 Not Modified (1ms)


Started GET "/assets/say.js?body=1" for 127.0.0.1 at 2013-06-15 16:22:15 +0530
Served asset /say.js - 304 Not Modified (0ms)


Started GET "/assets/jquery_ujs.js?body=1" for 127.0.0.1 at 2013-06-15 16:22:15 +0530
Served asset /jquery_ujs.js - 304 Not Modified (0ms)


Started GET "/assets/jquery.js?body=1" for 127.0.0.1 at 2013-06-15 16:22:15 +0530
Served asset /jquery.js - 304 Not Modified (1ms)


Started GET "/assets/say.css?body=1" for 127.0.0.1 at 2013-06-15 16:22:15 +0530
Served asset /say.css - 304 Not Modified (0ms)


Started GET "/say/goodbye" for 127.0.0.1 at 2013-06-15 16:22:17 +0530
Processing by SayController#goodbye as HTML
Completed 500 Internal Server Error in 1ms

ActionView::MissingTemplate (Missing template say/goodbye, application/goodbye with {:locale=>[:en], :formats=>[:html], :handlers=>[:erb, :builder, :coffee]}. Searched in:
  * "/home/dina/static/rails/myapp/app/views"
):
  actionpack (3.2.13) lib/action_view/path_set.rb:58:in `find'
  actionpack (3.2.13) lib/action_view/lookup_context.rb:109:in `find'
  actionpack (3.2.13) lib/action_view/renderer/abstract_renderer.rb:3:in `find_template'
  actionpack (3.2.13) lib/action_view/renderer/template_renderer.rb:34:in `determine_template'
  actionpack (3.2.13) lib/action_view/renderer/template_renderer.rb:10:in `render'
  actionpack (3.2.13) lib/action_view/renderer/renderer.rb:36:in `render_template'
  actionpack (3.2.13) lib/action_view/renderer/renderer.rb:17:in `render'
  actionpack (3.2.13) lib/abstract_controller/rendering.rb:110:in `_render_template'
  actionpack (3.2.13) lib/action_controller/metal/streaming.rb:225:in `_render_template'
  actionpack (3.2.13) lib/abstract_controller/rendering.rb:103:in `render_to_body'
  actionpack (3.2.13) lib/action_controller/metal/renderers.rb:28:in `render_to_body'
  actionpack (3.2.13) lib/action_controller/metal/compatibility.rb:50:in `render_to_body'
  actionpack (3.2.13) lib/abstract_controller/rendering.rb:88:in `render'
  actionpack (3.2.13) lib/action_controller/metal/rendering.rb:16:in `render'
  actionpack (3.2.13) lib/action_controller/metal/instrumentation.rb:40:in `block (2 levels) in render'
  activesupport (3.2.13) lib/active_support/core_ext/benchmark.rb:5:in `block in ms'
  /usr/local/lib/ruby/1.9.1/benchmark.rb:295:in `realtime'
  activesupport (3.2.13) lib/active_support/core_ext/benchmark.rb:5:in `ms'
  actionpack (3.2.13) lib/action_controller/metal/instrumentation.rb:40:in `block in render'
  actionpack (3.2.13) lib/action_controller/metal/instrumentation.rb:83:in `cleanup_view_runtime'
  activerecord (3.2.13) lib/active_record/railties/controller_runtime.rb:24:in `cleanup_view_runtime'
  actionpack (3.2.13) lib/action_controller/metal/instrumentation.rb:39:in `render'
  actionpack (3.2.13) lib/action_controller/metal/implicit_render.rb:10:in `default_render'
  actionpack (3.2.13) lib/action_controller/metal/implicit_render.rb:5:in `send_action'
  actionpack (3.2.13) lib/abstract_controller/base.rb:167:in `process_action'
  actionpack (3.2.13) lib/action_controller/metal/rendering.rb:10:in `process_action'
  actionpack (3.2.13) lib/abstract_controller/callbacks.rb:18:in `block in process_action'
  activesupport (3.2.13) lib/active_support/callbacks.rb:414:in `_run__1433807529838363237__process_action__1526861124004139148__callbacks'
  activesupport (3.2.13) lib/active_support/callbacks.rb:405:in `__run_callback'
  activesupport (3.2.13) lib/active_support/callbacks.rb:385:in `_run_process_action_callbacks'
  activesupport (3.2.13) lib/active_support/callbacks.rb:81:in `run_callbacks'
  actionpack (3.2.13) lib/abstract_controller/callbacks.rb:17:in `process_action'
  actionpack (3.2.13) lib/action_controller/metal/rescue.rb:29:in `process_action'
  actionpack (3.2.13) lib/action_controller/metal/instrumentation.rb:30:in `block in process_action'
  activesupport (3.2.13) lib/active_support/notifications.rb:123:in `block in instrument'
  activesupport (3.2.13) lib/active_support/notifications/instrumenter.rb:20:in `instrument'
  activesupport (3.2.13) lib/active_support/notifications.rb:123:in `instrument'
  actionpack (3.2.13) lib/action_controller/metal/instrumentation.rb:29:in `process_action'
  actionpack (3.2.13) lib/action_controller/metal/params_wrapper.rb:207:in `process_action'
  activerecord (3.2.13) lib/active_record/railties/controller_runtime.rb:18:in `process_action'
  actionpack (3.2.13) lib/abstract_controller/base.rb:121:in `process'
  actionpack (3.2.13) lib/abstract_controller/rendering.rb:45:in `process'
  actionpack (3.2.13) lib/action_controller/metal.rb:203:in `dispatch'
  actionpack (3.2.13) lib/action_controller/metal/rack_delegation.rb:14:in `dispatch'
  actionpack (3.2.13) lib/action_controller/metal.rb:246:in `block in action'
  actionpack (3.2.13) lib/action_dispatch/routing/route_set.rb:73:in `call'
  actionpack (3.2.13) lib/action_dispatch/routing/route_set.rb:73:in `dispatch'
  actionpack (3.2.13) lib/action_dispatch/routing/route_set.rb:36:in `call'
  journey (1.0.4) lib/journey/router.rb:68:in `block in call'
  journey (1.0.4) lib/journey/router.rb:56:in `each'
  journey (1.0.4) lib/journey/router.rb:56:in `call'
  actionpack (3.2.13) lib/action_dispatch/routing/route_set.rb:612:in `call'
  actionpack (3.2.13) lib/action_dispatch/middleware/best_standards_support.rb:17:in `call'
  rack (1.4.5) lib/rack/etag.rb:23:in `call'
  rack (1.4.5) lib/rack/conditionalget.rb:25:in `call'
  actionpack (3.2.13) lib/action_dispatch/middleware/head.rb:14:in `call'
  actionpack (3.2.13) lib/action_dispatch/middleware/params_parser.rb:21:in `call'
  actionpack (3.2.13) lib/action_dispatch/middleware/flash.rb:242:in `call'
  rack (1.4.5) lib/rack/session/abstract/id.rb:210:in `context'
  rack (1.4.5) lib/rack/session/abstract/id.rb:205:in `call'
  actionpack (3.2.13) lib/action_dispatch/middleware/cookies.rb:341:in `call'
  activerecord (3.2.13) lib/active_record/query_cache.rb:64:in `call'
  activerecord (3.2.13) lib/active_record/connection_adapters/abstract/connection_pool.rb:479:in `call'
  actionpack (3.2.13) lib/action_dispatch/middleware/callbacks.rb:28:in `block in call'
  activesupport (3.2.13) lib/active_support/callbacks.rb:405:in `_run__2150947097824873766__call__1203324665746604585__callbacks'
  activesupport (3.2.13) lib/active_support/callbacks.rb:405:in `__run_callback'
  activesupport (3.2.13) lib/active_support/callbacks.rb:385:in `_run_call_callbacks'
  activesupport (3.2.13) lib/active_support/callbacks.rb:81:in `run_callbacks'
  actionpack (3.2.13) lib/action_dispatch/middleware/callbacks.rb:27:in `call'
  actionpack (3.2.13) lib/action_dispatch/middleware/reloader.rb:65:in `call'
  actionpack (3.2.13) lib/action_dispatch/middleware/remote_ip.rb:31:in `call'
  actionpack (3.2.13) lib/action_dispatch/middleware/debug_exceptions.rb:16:in `call'
  actionpack (3.2.13) lib/action_dispatch/middleware/show_exceptions.rb:56:in `call'
  railties (3.2.13) lib/rails/rack/logger.rb:32:in `call_app'
  railties (3.2.13) lib/rails/rack/logger.rb:16:in `block in call'
  activesupport (3.2.13) lib/active_support/tagged_logging.rb:22:in `tagged'
  railties (3.2.13) lib/rails/rack/logger.rb:16:in `call'
  actionpack (3.2.13) lib/action_dispatch/middleware/request_id.rb:22:in `call'
  rack (1.4.5) lib/rack/methodoverride.rb:21:in `call'
  rack (1.4.5) lib/rack/runtime.rb:17:in `call'
  activesupport (3.2.13) lib/active_support/cache/strategy/local_cache.rb:72:in `call'
  rack (1.4.5) lib/rack/lock.rb:15:in `call'
  actionpack (3.2.13) lib/action_dispatch/middleware/static.rb:63:in `call'
  railties (3.2.13) lib/rails/engine.rb:479:in `call'
  railties (3.2.13) lib/rails/application.rb:223:in `call'
  rack (1.4.5) lib/rack/content_length.rb:14:in `call'
  railties (3.2.13) lib/rails/rack/log_tailer.rb:17:in `call'
  rack (1.4.5) lib/rack/handler/webrick.rb:59:in `service'
  /usr/local/lib/ruby/1.9.1/webrick/httpserver.rb:138:in `service'
  /usr/local/lib/ruby/1.9.1/webrick/httpserver.rb:94:in `run'
  /usr/local/lib/ruby/1.9.1/webrick/server.rb:191:in `block in start_thread'


  Rendered /usr/local/lib/ruby/gems/1.9.1/gems/actionpack-3.2.13/lib/action_dispatch/middleware/templates/rescues/missing_template.erb within rescues/layout (0.7ms)


Started GET "/say/goodbye" for 127.0.0.1 at 2013-06-15 16:22:34 +0530
Processing by SayController#goodbye as HTML
  Rendered say/goodbye.html.erb within layouts/application (0.5ms)
Completed 200 OK in 13ms (Views: 12.2ms | ActiveRecord: 0.0ms)


Started GET "/assets/application.css?body=1" for 127.0.0.1 at 2013-06-15 16:22:34 +0530
Served asset /application.css - 304 Not Modified (2ms)


Started GET "/assets/jquery.js?body=1" for 127.0.0.1 at 2013-06-15 16:22:34 +0530
Served asset /jquery.js - 304 Not Modified (1ms)


Started GET "/assets/say.css?body=1" for 127.0.0.1 at 2013-06-15 16:22:34 +0530
Served asset /say.css - 304 Not Modified (0ms)


Started GET "/assets/jquery_ujs.js?body=1" for 127.0.0.1 at 2013-06-15 16:22:34 +0530
Served asset /jquery_ujs.js - 304 Not Modified (0ms)


Started GET "/assets/say.js?body=1" for 127.0.0.1 at 2013-06-15 16:22:34 +0530
Served asset /say.js - 304 Not Modified (0ms)


Started GET "/assets/application.js?body=1" for 127.0.0.1 at 2013-06-15 16:22:34 +0530
Served asset /application.js - 304 Not Modified (6ms)


Started GET "/say/goodbye" for 127.0.0.1 at 2013-06-15 16:24:37 +0530
Processing by SayController#goodbye as HTML
  Rendered say/goodbye.html.erb within layouts/application (0.8ms)
Completed 200 OK in 14ms (Views: 13.5ms | ActiveRecord: 0.0ms)


Started GET "/assets/application.css?body=1" for 127.0.0.1 at 2013-06-15 16:24:37 +0530
Served asset /application.css - 304 Not Modified (4ms)


Started GET "/assets/application.js?body=1" for 127.0.0.1 at 2013-06-15 16:24:37 +0530
Served asset /application.js - 304 Not Modified (2ms)


Started GET "/assets/jquery_ujs.js?body=1" for 127.0.0.1 at 2013-06-15 16:24:37 +0530
Served asset /jquery_ujs.js - 304 Not Modified (0ms)


Started GET "/assets/say.js?body=1" for 127.0.0.1 at 2013-06-15 16:24:37 +0530
Served asset /say.js - 304 Not Modified (0ms)


Started GET "/assets/jquery.js?body=1" for 127.0.0.1 at 2013-06-15 16:24:37 +0530
Served asset /jquery.js - 304 Not Modified (2ms)


Started GET "/assets/say.css?body=1" for 127.0.0.1 at 2013-06-15 16:24:37 +0530
Served asset /say.css - 304 Not Modified (0ms)


Started GET "/say/goodbye" for 127.0.0.1 at 2013-06-15 16:26:41 +0530
Processing by SayController#goodbye as HTML
  Rendered say/goodbye.html.erb within layouts/application (0.6ms)
Completed 200 OK in 12ms (Views: 11.4ms | ActiveRecord: 0.0ms)


Started GET "/assets/application.css?body=1" for 127.0.0.1 at 2013-06-15 16:26:41 +0530
Served asset /application.css - 304 Not Modified (0ms)


Started GET "/assets/jquery.js?body=1" for 127.0.0.1 at 2013-06-15 16:26:41 +0530
Served asset /jquery.js - 304 Not Modified (5ms)


Started GET "/assets/say.js?body=1" for 127.0.0.1 at 2013-06-15 16:26:41 +0530
Served asset /say.js - 304 Not Modified (0ms)


Started GET "/assets/application.js?body=1" for 127.0.0.1 at 2013-06-15 16:26:41 +0530
Served asset /application.js - 304 Not Modified (2ms)


Started GET "/assets/jquery_ujs.js?body=1" for 127.0.0.1 at 2013-06-15 16:26:41 +0530
Served asset /jquery_ujs.js - 304 Not Modified (0ms)


Started GET "/assets/say.css?body=1" for 127.0.0.1 at 2013-06-15 16:26:41 +0530
Served asset /say.css - 304 Not Modified (0ms)


Started GET "/say/goodbye" for 127.0.0.1 at 2013-06-15 16:32:20 +0530
Processing by SayController#goodbye as HTML
  Rendered say/goodbye.html.erb within layouts/application (0.8ms)
Completed 200 OK in 14ms (Views: 13.5ms | ActiveRecord: 0.0ms)


Started GET "/assets/application.css?body=1" for 127.0.0.1 at 2013-06-15 16:32:20 +0530
Served asset /application.css - 304 Not Modified (0ms)


Started GET "/assets/jquery.js?body=1" for 127.0.0.1 at 2013-06-15 16:32:20 +0530
Served asset /jquery.js - 304 Not Modified (6ms)


Started GET "/assets/say.js?body=1" for 127.0.0.1 at 2013-06-15 16:32:20 +0530
Served asset /say.js - 304 Not Modified (0ms)


Started GET "/assets/application.js?body=1" for 127.0.0.1 at 2013-06-15 16:32:20 +0530
Served asset /application.js - 304 Not Modified (1ms)


Started GET "/assets/say.css?body=1" for 127.0.0.1 at 2013-06-15 16:32:20 +0530
Served asset /say.css - 304 Not Modified (0ms)


Started GET "/assets/jquery_ujs.js?body=1" for 127.0.0.1 at 2013-06-15 16:32:20 +0530
Served asset /jquery_ujs.js - 304 Not Modified (0ms)


Started GET "/say/goodbye" for 127.0.0.1 at 2013-06-15 16:32:38 +0530
Processing by SayController#goodbye as HTML
  Rendered say/goodbye.html.erb within layouts/application (0.7ms)
Completed 200 OK in 12ms (Views: 11.5ms | ActiveRecord: 0.0ms)


Started GET "/assets/application.css?body=1" for 127.0.0.1 at 2013-06-15 16:32:38 +0530
Served asset /application.css - 304 Not Modified (2ms)


Started GET "/assets/say.css?body=1" for 127.0.0.1 at 2013-06-15 16:32:38 +0530
Served asset /say.css - 304 Not Modified (0ms)


Started GET "/assets/jquery.js?body=1" for 127.0.0.1 at 2013-06-15 16:32:38 +0530
Served asset /jquery.js - 304 Not Modified (10ms)


Started GET "/assets/jquery_ujs.js?body=1" for 127.0.0.1 at 2013-06-15 16:32:38 +0530
Served asset /jquery_ujs.js - 304 Not Modified (0ms)


Started GET "/assets/application.js?body=1" for 127.0.0.1 at 2013-06-15 16:32:38 +0530
Served asset /application.js - 304 Not Modified (1ms)


Started GET "/assets/say.js?body=1" for 127.0.0.1 at 2013-06-15 16:32:38 +0530
Served asset /say.js - 304 Not Modified (0ms)
Connecting to database specified by database.yml


Started GET "/assets/rails.png" for 127.0.0.1 at 2013-06-16 11:37:48 +0530
Served asset /rails.png - 200 OK (156ms)


Started GET "/rails/info/properties" for 127.0.0.1 at 2013-06-16 11:38:07 +0530
Processing by Rails::InfoController#properties as HTML
  Rendered inline template (5.3ms)
Completed 200 OK in 57ms (Views: 56.5ms | ActiveRecord: 0.0ms)
